2018-01-26 16:08:32,963  INFO (msg:41) - 
2018-01-26 16:08:32,972  INFO (msg:42) - ################################################################################
2018-01-26 16:08:32,973  INFO (msg:44) - ################################################################################
2018-01-26 16:08:32,973  INFO (msg:46) - 
2018-01-26 16:08:32,974  INFO (msg:48) -                                                           Welcome to seasons!!!
2018-01-26 16:08:32,974  INFO (msg:52) - 
2018-01-26 16:08:32,975  INFO (msg:53) - ################################################################################
2018-01-26 16:08:32,975  INFO (msg:55) - ################################################################################
2018-01-26 16:08:32,975  INFO (msg:57) - 
2018-01-26 16:08:32,975  INFO (msg:82) - 开始启动服务
2018-01-26 16:08:32,976  INFO (msg:85) - 配置加载完毕
2018-01-26 16:08:32,988  INFO (msg:33) - 开始初始化JettyServerService服务
2018-01-26 16:08:32,989  INFO (msg:34) - 开始初始化WebSocketService服务
2018-01-26 16:08:32,996  INFO (msg:45) - thread1 启动对于:8777监听
2018-01-26 16:08:33,1  INFO (msg:48) - thread2 启动对于:8778监听
2018-01-26 16:08:33,861  INFO (msg:25) - 开始初始化ConfigLoadService服务
2018-01-26 16:08:34,209  INFO (msg:92) - {"id":1,"name":"测试","open":true,"value":100,"time":1535817600000}
2018-01-26 16:08:34,211  INFO (msg:92) - {"id":2,"name":"test","open":false,"value":200,"time":1517500800000}
2018-01-26 16:08:34,212  INFO (msg:24) - 停服钩子加载完毕
2018-01-26 16:08:34,212  INFO (msg:25) - 开始加载memcached配置
2018-01-26 16:08:34,218  INFO (msg:29) - 加载缓存配置完毕
2018-01-26 16:08:36,240 ERROR (msg:49) - Shutdown service error:main
java.lang.NoClassDefFoundError: org/slf4j/LoggerFactory
	at com.danga.MemCached.SockIOPool.<clinit>(SockIOPool.java:172)
	at com.test.service.memcached.BaseMemcached.initPool(BaseMemcached.java:35)
	at com.test.service.memcached.BaseMemcached.getClient(BaseMemcached.java:51)
	at com.test.service.memcached.BaseMemcached.checkMemcached(BaseMemcached.java:69)
	at com.test.service.memcached.MemcachedService.init(MemcachedService.java:30)
	at com.test.SeasonsStartServer$SeasonService.<init>(SeasonsStartServer.java:208)
	at com.test.SeasonsStartServer$SeasonService.<init>(SeasonsStartServer.java:186)
	at com.test.SeasonsStartServer.main(SeasonsStartServer.java:86)
Caused by: java.lang.ClassNotFoundException: org.slf4j.LoggerFactory
	at java.net.URLClassLoader.findClass(URLClassLoader.java:381)
	at java.lang.ClassLoader.loadClass(ClassLoader.java:424)
	at sun.misc.Launcher$AppClassLoader.loadClass(Launcher.java:338)
	at java.lang.ClassLoader.loadClass(ClassLoader.java:357)
	... 8 more
2018-01-26 16:10:59,245  INFO (msg:41) - 
2018-01-26 16:10:59,250  INFO (msg:42) - ################################################################################
2018-01-26 16:10:59,250  INFO (msg:44) - ################################################################################
2018-01-26 16:10:59,250  INFO (msg:46) - 
2018-01-26 16:10:59,251  INFO (msg:48) -                                                           Welcome to seasons!!!
2018-01-26 16:10:59,251  INFO (msg:52) - 
2018-01-26 16:10:59,252  INFO (msg:53) - ################################################################################
2018-01-26 16:10:59,252  INFO (msg:55) - ################################################################################
2018-01-26 16:10:59,252  INFO (msg:57) - 
2018-01-26 16:10:59,252  INFO (msg:82) - 开始启动服务
2018-01-26 16:10:59,253  INFO (msg:85) - 配置加载完毕
2018-01-26 16:10:59,262  INFO (msg:33) - 开始初始化JettyServerService服务
2018-01-26 16:10:59,264  INFO (msg:34) - 开始初始化WebSocketService服务
2018-01-26 16:10:59,266  INFO (msg:45) - thread1 启动对于:8777监听
2018-01-26 16:10:59,267  INFO (msg:48) - thread2 启动对于:8778监听
2018-01-26 16:10:59,957  INFO (msg:25) - 开始初始化ConfigLoadService服务
2018-01-26 16:11:00,126  INFO (msg:92) - {"id":1,"name":"测试","open":true,"value":100,"time":1535817600000}
2018-01-26 16:11:00,128  INFO (msg:92) - {"id":2,"name":"test","open":false,"value":200,"time":1517500800000}
2018-01-26 16:11:00,130  INFO (msg:24) - 停服钩子加载完毕
2018-01-26 16:11:00,130  INFO (msg:25) - 开始加载memcached配置
2018-01-26 16:11:00,132  INFO (msg:29) - 加载缓存配置完毕
2018-01-26 16:11:02,287 ERROR (msg:49) - Shutdown service error:main
java.lang.NoClassDefFoundError: org/slf4j/LoggerFactory
	at com.danga.MemCached.SockIOPool.<clinit>(SockIOPool.java:172)
	at com.test.service.memcached.BaseMemcached.initPool(BaseMemcached.java:35)
	at com.test.service.memcached.BaseMemcached.getClient(BaseMemcached.java:51)
	at com.test.service.memcached.BaseMemcached.checkMemcached(BaseMemcached.java:69)
	at com.test.service.memcached.MemcachedService.init(MemcachedService.java:30)
	at com.test.SeasonsStartServer$SeasonService.<init>(SeasonsStartServer.java:208)
	at com.test.SeasonsStartServer$SeasonService.<init>(SeasonsStartServer.java:186)
	at com.test.SeasonsStartServer.main(SeasonsStartServer.java:86)
Caused by: java.lang.ClassNotFoundException: org.slf4j.LoggerFactory
	at java.net.URLClassLoader.findClass(URLClassLoader.java:381)
	at java.lang.ClassLoader.loadClass(ClassLoader.java:424)
	at sun.misc.Launcher$AppClassLoader.loadClass(Launcher.java:338)
	at java.lang.ClassLoader.loadClass(ClassLoader.java:357)
	... 8 more
2018-01-26 16:12:35,180  INFO (msg:41) - 
2018-01-26 16:12:35,186  INFO (msg:42) - ################################################################################
2018-01-26 16:12:35,186  INFO (msg:44) - ################################################################################
2018-01-26 16:12:35,186  INFO (msg:46) - 
2018-01-26 16:12:35,187  INFO (msg:48) -                                                           Welcome to seasons!!!
2018-01-26 16:12:35,187  INFO (msg:52) - 
2018-01-26 16:12:35,188  INFO (msg:53) - ################################################################################
2018-01-26 16:12:35,189  INFO (msg:55) - ################################################################################
2018-01-26 16:12:35,189  INFO (msg:57) - 
2018-01-26 16:12:35,189  INFO (msg:82) - 开始启动服务
2018-01-26 16:12:35,190  INFO (msg:85) - 配置加载完毕
2018-01-26 16:12:35,202  INFO (msg:33) - 开始初始化JettyServerService服务
2018-01-26 16:12:35,203  INFO (msg:34) - 开始初始化WebSocketService服务
2018-01-26 16:12:35,207  INFO (msg:45) - thread1 启动对于:8777监听
2018-01-26 16:12:35,209  INFO (msg:48) - thread2 启动对于:8778监听
2018-01-26 16:12:35,899  INFO (msg:25) - 开始初始化ConfigLoadService服务
2018-01-26 16:12:36,74  INFO (msg:92) - {"id":1,"name":"测试","open":true,"value":100,"time":1535817600000}
2018-01-26 16:12:36,80  INFO (msg:92) - {"id":2,"name":"test","open":false,"value":200,"time":1517500800000}
2018-01-26 16:12:36,82  INFO (msg:24) - 停服钩子加载完毕
2018-01-26 16:12:36,84  INFO (msg:25) - 开始加载memcached配置
2018-01-26 16:12:36,86  INFO (msg:29) - 加载缓存配置完毕
2018-01-26 16:12:38,222 ERROR (msg:49) - Shutdown service error:main
java.lang.NoClassDefFoundError: org/apache/commons/pool/BasePoolableObjectFactory
	at java.lang.ClassLoader.defineClass1(Native Method)
	at java.lang.ClassLoader.defineClass(ClassLoader.java:763)
	at java.security.SecureClassLoader.defineClass(SecureClassLoader.java:142)
	at java.net.URLClassLoader.defineClass(URLClassLoader.java:467)
	at java.net.URLClassLoader.access$100(URLClassLoader.java:73)
	at java.net.URLClassLoader$1.run(URLClassLoader.java:368)
	at java.net.URLClassLoader$1.run(URLClassLoader.java:362)
	at java.security.AccessController.doPrivileged(Native Method)
	at java.net.URLClassLoader.findClass(URLClassLoader.java:361)
	at java.lang.ClassLoader.loadClass(ClassLoader.java:424)
	at sun.misc.Launcher$AppClassLoader.loadClass(Launcher.java:338)
	at java.lang.ClassLoader.loadClass(ClassLoader.java:357)
	at com.danga.MemCached.SockIOPool.getInstance(SockIOPool.java:241)
	at com.test.service.memcached.BaseMemcached.initPool(BaseMemcached.java:35)
	at com.test.service.memcached.BaseMemcached.getClient(BaseMemcached.java:51)
	at com.test.service.memcached.BaseMemcached.checkMemcached(BaseMemcached.java:69)
	at com.test.service.memcached.MemcachedService.init(MemcachedService.java:30)
	at com.test.SeasonsStartServer$SeasonService.<init>(SeasonsStartServer.java:208)
	at com.test.SeasonsStartServer$SeasonService.<init>(SeasonsStartServer.java:186)
	at com.test.SeasonsStartServer.main(SeasonsStartServer.java:86)
Caused by: java.lang.ClassNotFoundException: org.apache.commons.pool.BasePoolableObjectFactory
	at java.net.URLClassLoader.findClass(URLClassLoader.java:381)
	at java.lang.ClassLoader.loadClass(ClassLoader.java:424)
	at sun.misc.Launcher$AppClassLoader.loadClass(Launcher.java:338)
	at java.lang.ClassLoader.loadClass(ClassLoader.java:357)
	... 20 more
2018-01-26 16:13:29,900  INFO (msg:41) - 
2018-01-26 16:13:29,908  INFO (msg:42) - ################################################################################
2018-01-26 16:13:29,908  INFO (msg:44) - ################################################################################
2018-01-26 16:13:29,909  INFO (msg:46) - 
2018-01-26 16:13:29,910  INFO (msg:48) -                                                           Welcome to seasons!!!
2018-01-26 16:13:29,910  INFO (msg:52) - 
2018-01-26 16:13:29,911  INFO (msg:53) - ################################################################################
2018-01-26 16:13:29,911  INFO (msg:55) - ################################################################################
2018-01-26 16:13:29,911  INFO (msg:57) - 
2018-01-26 16:13:29,911  INFO (msg:82) - 开始启动服务
2018-01-26 16:13:29,912  INFO (msg:85) - 配置加载完毕
2018-01-26 16:13:29,924  INFO (msg:33) - 开始初始化JettyServerService服务
2018-01-26 16:13:29,926  INFO (msg:34) - 开始初始化WebSocketService服务
2018-01-26 16:13:29,927  INFO (msg:45) - thread1 启动对于:8777监听
2018-01-26 16:13:29,943  INFO (msg:48) - thread2 启动对于:8778监听
2018-01-26 16:13:30,197 ERROR (msg:49) -   JettyServerService error 
java.net.BindException: Address already in use: bind
	at sun.nio.ch.Net.bind0(Native Method)
	at sun.nio.ch.Net.bind(Net.java:433)
	at sun.nio.ch.Net.bind(Net.java:425)
	at sun.nio.ch.ServerSocketChannelImpl.bind(ServerSocketChannelImpl.java:223)
	at sun.nio.ch.ServerSocketAdaptor.bind(ServerSocketAdaptor.java:74)
	at org.eclipse.jetty.server.ServerConnector.open(ServerConnector.java:321)
	at org.eclipse.jetty.server.AbstractNetworkConnector.doStart(AbstractNetworkConnector.java:80)
	at org.eclipse.jetty.server.ServerConnector.doStart(ServerConnector.java:236)
	at org.eclipse.jetty.util.component.AbstractLifeCycle.start(AbstractLifeCycle.java:68)
	at org.eclipse.jetty.server.Server.doStart(Server.java:366)
	at org.eclipse.jetty.util.component.AbstractLifeCycle.start(AbstractLifeCycle.java:68)
	at com.jettyServer.JettyServer.startJetty(JettyServer.java:116)
	at com.test.web.httpRequest.JettyServerService$1.run(JettyServerService.java:46)
	at java.lang.Thread.run(Thread.java:748)
2018-01-26 16:13:30,203 ERROR (msg:52) -   WebSocketService error 
java.net.BindException: Address already in use: bind
	at sun.nio.ch.Net.bind0(Native Method)
	at sun.nio.ch.Net.bind(Net.java:433)
	at sun.nio.ch.Net.bind(Net.java:425)
	at sun.nio.ch.ServerSocketChannelImpl.bind(ServerSocketChannelImpl.java:223)
	at sun.nio.ch.ServerSocketAdaptor.bind(ServerSocketAdaptor.java:74)
	at org.eclipse.jetty.server.ServerConnector.open(ServerConnector.java:321)
	at org.eclipse.jetty.server.AbstractNetworkConnector.doStart(AbstractNetworkConnector.java:80)
	at org.eclipse.jetty.server.ServerConnector.doStart(ServerConnector.java:236)
	at org.eclipse.jetty.util.component.AbstractLifeCycle.start(AbstractLifeCycle.java:68)
	at org.eclipse.jetty.server.Server.doStart(Server.java:366)
	at org.eclipse.jetty.util.component.AbstractLifeCycle.start(AbstractLifeCycle.java:68)
	at com.jettyServer.JettyServer.startJetty(JettyServer.java:116)
	at com.test.web.websocket.base.WebSocketService$1.run(WebSocketService.java:49)
	at java.lang.Thread.run(Thread.java:748)
2018-01-26 16:13:30,565  INFO (msg:25) - 开始初始化ConfigLoadService服务
2018-01-26 16:13:30,760  INFO (msg:92) - {"id":1,"name":"测试","open":true,"value":100,"time":1535817600000}
2018-01-26 16:13:30,763  INFO (msg:92) - {"id":2,"name":"test","open":false,"value":200,"time":1517500800000}
2018-01-26 16:13:30,765  INFO (msg:24) - 停服钩子加载完毕
2018-01-26 16:13:30,765  INFO (msg:25) - 开始加载memcached配置
2018-01-26 16:13:30,767  INFO (msg:29) - 加载缓存配置完毕
2018-01-26 16:13:45,291  INFO (msg:41) - 
2018-01-26 16:13:45,295  INFO (msg:42) - ################################################################################
2018-01-26 16:13:45,295  INFO (msg:44) - ################################################################################
2018-01-26 16:13:45,295  INFO (msg:46) - 
2018-01-26 16:13:45,296  INFO (msg:48) -                                                           Welcome to seasons!!!
2018-01-26 16:13:45,297  INFO (msg:52) - 
2018-01-26 16:13:45,297  INFO (msg:53) - ################################################################################
2018-01-26 16:13:45,298  INFO (msg:55) - ################################################################################
2018-01-26 16:13:45,299  INFO (msg:57) - 
2018-01-26 16:13:45,300  INFO (msg:82) - 开始启动服务
2018-01-26 16:13:45,301  INFO (msg:85) - 配置加载完毕
2018-01-26 16:13:45,310  INFO (msg:33) - 开始初始化JettyServerService服务
2018-01-26 16:13:45,312  INFO (msg:34) - 开始初始化WebSocketService服务
2018-01-26 16:13:45,315  INFO (msg:45) - thread1 启动对于:8777监听
2018-01-26 16:13:45,315  INFO (msg:48) - thread2 启动对于:8778监听
2018-01-26 16:13:45,975  INFO (msg:25) - 开始初始化ConfigLoadService服务
2018-01-26 16:13:46,179  INFO (msg:92) - {"id":1,"name":"测试","open":true,"value":100,"time":1535817600000}
2018-01-26 16:13:46,182  INFO (msg:92) - {"id":2,"name":"test","open":false,"value":200,"time":1517500800000}
2018-01-26 16:13:46,183  INFO (msg:24) - 停服钩子加载完毕
2018-01-26 16:13:46,183  INFO (msg:25) - 开始加载memcached配置
2018-01-26 16:13:46,185  INFO (msg:29) - 加载缓存配置完毕
2018-01-26 16:13:48,338 ERROR (msg:49) - Shutdown service error:main
java.lang.NoClassDefFoundError: org/apache/commons/collections/CursorableLinkedList
	at org.apache.commons.pool.impl.GenericObjectPool.<init>(GenericObjectPool.java:392)
	at org.apache.commons.pool.impl.GenericObjectPool.<init>(GenericObjectPool.java:320)
	at com.schooner.MemCached.SchoonerSockIOPool.populateConsistentBuckets(SchoonerSockIOPool.java:383)
	at com.schooner.MemCached.SchoonerSockIOPool.initialize(SchoonerSockIOPool.java:299)
	at com.danga.MemCached.SockIOPool.initialize(SockIOPool.java:593)
	at com.test.service.memcached.BaseMemcached.initPool(BaseMemcached.java:42)
	at com.test.service.memcached.BaseMemcached.getClient(BaseMemcached.java:51)
	at com.test.service.memcached.BaseMemcached.checkMemcached(BaseMemcached.java:69)
	at com.test.service.memcached.MemcachedService.init(MemcachedService.java:30)
	at com.test.SeasonsStartServer$SeasonService.<init>(SeasonsStartServer.java:208)
	at com.test.SeasonsStartServer$SeasonService.<init>(SeasonsStartServer.java:186)
	at com.test.SeasonsStartServer.main(SeasonsStartServer.java:86)
Caused by: java.lang.ClassNotFoundException: org.apache.commons.collections.CursorableLinkedList
	at java.net.URLClassLoader.findClass(URLClassLoader.java:381)
	at java.lang.ClassLoader.loadClass(ClassLoader.java:424)
	at sun.misc.Launcher$AppClassLoader.loadClass(Launcher.java:338)
	at java.lang.ClassLoader.loadClass(ClassLoader.java:357)
	... 12 more
2018-01-26 16:14:59,216  INFO (msg:41) - 
2018-01-26 16:14:59,220  INFO (msg:42) - ################################################################################
2018-01-26 16:14:59,221  INFO (msg:44) - ################################################################################
2018-01-26 16:14:59,221  INFO (msg:46) - 
2018-01-26 16:14:59,222  INFO (msg:48) -                                                           Welcome to seasons!!!
2018-01-26 16:14:59,224  INFO (msg:52) - 
2018-01-26 16:14:59,224  INFO (msg:53) - ################################################################################
2018-01-26 16:14:59,224  INFO (msg:55) - ################################################################################
2018-01-26 16:14:59,224  INFO (msg:57) - 
2018-01-26 16:14:59,225  INFO (msg:82) - 开始启动服务
2018-01-26 16:14:59,225  INFO (msg:85) - 配置加载完毕
2018-01-26 16:14:59,236  INFO (msg:33) - 开始初始化JettyServerService服务
2018-01-26 16:14:59,238  INFO (msg:34) - 开始初始化WebSocketService服务
2018-01-26 16:14:59,240  INFO (msg:45) - thread1 启动对于:8777监听
2018-01-26 16:14:59,244  INFO (msg:48) - thread2 启动对于:8778监听
2018-01-26 16:14:59,986  INFO (msg:25) - 开始初始化ConfigLoadService服务
2018-01-26 16:15:00,182  INFO (msg:92) - {"id":1,"name":"测试","open":true,"value":100,"time":1535817600000}
2018-01-26 16:15:00,185  INFO (msg:92) - {"id":2,"name":"test","open":false,"value":200,"time":1517500800000}
2018-01-26 16:15:00,186  INFO (msg:24) - 停服钩子加载完毕
2018-01-26 16:15:00,186  INFO (msg:25) - 开始加载memcached配置
2018-01-26 16:15:00,187  INFO (msg:29) - 加载缓存配置完毕
2018-01-26 16:15:00,219  INFO (msg:101) - memcached正常!
2018-01-26 16:15:00,220  INFO (msg:74) - memcached正常!
2018-01-26 16:15:00,220  INFO (msg:33) - memcached配置加载完毕
2018-01-26 16:15:00,220  INFO (msg:87) - 服务加载完毕
2018-01-26 16:15:00,220  INFO (msg:89) - 定时调度已启动
2018-01-26 16:15:00,221  INFO (msg:95) - 服务启动完毕
2018-01-26 16:15:00,221  INFO (msg:61) - 
2018-01-26 16:15:00,221  INFO (msg:62) - ################################################################################
2018-01-26 16:15:00,221  INFO (msg:64) - ################################################################################
2018-01-26 16:15:00,221  INFO (msg:66) - 
2018-01-26 16:15:00,221  INFO (msg:68) -                                           Welcome to seasons!!! Server Started!
2018-01-26 16:15:00,221  INFO (msg:72) - 
2018-01-26 16:15:00,222  INFO (msg:73) - ################################################################################
2018-01-26 16:15:00,222  INFO (msg:75) - ################################################################################
2018-01-26 16:15:00,222  INFO (msg:77) - 
